0 info it worked if it ends with ok
1 verbose cli [ '/opt/bitnami/node/bin/node',
1 verbose cli   '/opt/bitnami/node/bin/npm',
1 verbose cli   'start' ]
2 info using npm@3.10.8
3 info using node@v7.0.0
4 verbose run-script [ 'prestart', 'start', 'poststart' ]
5 info lifecycle expressapp@1.0.0~prestart: expressapp@1.0.0
6 silly lifecycle expressapp@1.0.0~prestart: no script for prestart, continuing
7 info lifecycle expressapp@1.0.0~start: expressapp@1.0.0
8 verbose lifecycle expressapp@1.0.0~start: unsafe-perm in lifecycle true
9 verbose lifecycle expressapp@1.0.0~start: PATH: /opt/bitnami/node/lib/node_modules/npm/bin/node-gyp-bin:/projects/ExpressApp/node_modules/.bin:/opt/bitnami/mongodb/sbin:/opt/bitnami/mongodb/bin:/opt/bitnami/node/bin:/opt/bitnami/python/bin:/opt/bitnami/nami/bin:/usr/local/sbin:/usr/local/bin:/usr/sbin:/usr/bin:/sbin:/bin
10 verbose lifecycle expressapp@1.0.0~start: CWD: /projects/ExpressApp
11 silly lifecycle expressapp@1.0.0~start: Args: [ '-c', 'node app.js' ]
12 silly lifecycle expressapp@1.0.0~start: Returned: code: 1  signal: null
13 info lifecycle expressapp@1.0.0~start: Failed to exec start script
14 verbose stack Error: expressapp@1.0.0 start: `node app.js`
14 verbose stack Exit status 1
14 verbose stack     at EventEmitter.<anonymous> (/opt/bitnami/node/lib/node_modules/npm/lib/utils/lifecycle.js:255:16)
14 verbose stack     at emitTwo (events.js:106:13)
14 verbose stack     at EventEmitter.emit (events.js:191:7)
14 verbose stack     at ChildProcess.<anonymous> (/opt/bitnami/node/lib/node_modules/npm/lib/utils/spawn.js:40:14)
14 verbose stack     at emitTwo (events.js:106:13)
14 verbose stack     at ChildProcess.emit (events.js:191:7)
14 verbose stack     at maybeClose (internal/child_process.js:877:16)
14 verbose stack     at Process.ChildProcess._handle.onexit (internal/child_process.js:226:5)
15 verbose pkgid expressapp@1.0.0
16 verbose cwd /projects/ExpressApp
17 error Linux 4.4.0-62-generic
18 error argv "/opt/bitnami/node/bin/node" "/opt/bitnami/node/bin/npm" "start"
19 error node v7.0.0
20 error npm  v3.10.8
21 error code ELIFECYCLE
22 error expressapp@1.0.0 start: `node app.js`
22 error Exit status 1
23 error Failed at the expressapp@1.0.0 start script 'node app.js'.
23 error Make sure you have the latest version of node.js and npm installed.
23 error If you do, this is most likely a problem with the expressapp package,
23 error not with npm itself.
23 error Tell the author that this fails on your system:
23 error     node app.js
23 error You can get information on how to open an issue for this project with:
23 error     npm bugs expressapp
23 error Or if that isn't available, you can get their info via:
23 error     npm owner ls expressapp
23 error There is likely additional logging output above.
24 verbose exit [ 1, true ]
